sample.interval=20000
"mode" "source" 
"grid.newpage" "iNZightPlot" "eval" "eval" "withVisible" "source" 
"save" "<Anonymous>" "grid.newpage" "iNZightPlot" "eval" "eval" "withVisible" "source" 
"save" "<Anonymous>" "grid.newpage" "iNZightPlot" "eval" "eval" "withVisible" "source" 
"save" "<Anonymous>" "grid.newpage" "iNZightPlot" "eval" "eval" "withVisible" "source" 
"save" "<Anonymous>" "grid.newpage" "iNZightPlot" "eval" "eval" "withVisible" "source" 
"save" "<Anonymous>" "grid.newpage" "iNZightPlot" "eval" "eval" "withVisible" "source" 
"save" "<Anonymous>" "grid.newpage" "iNZightPlot" "eval" "eval" "withVisible" "source" 
"save" "<Anonymous>" "grid.newpage" "iNZightPlot" "eval" "eval" "withVisible" "source" 
"save" "<Anonymous>" "grid.newpage" "iNZightPlot" "eval" "eval" "withVisible" "source" 
"save" "<Anonymous>" "grid.newpage" "iNZightPlot" "eval" "eval" "withVisible" "source" 
"hsv" "rainbow" "heat.colors" "col.fun" "create.inz.shapemapplot" "create" "doTryCatch" "tryCatchOne" "tryCatchList" "tryCatch" "FUN" "lapply" "FUN" "lapply" "iNZightPlot" "eval" "eval" "withVisible" "source" 
"hsv" "heat.colors" "col.fun" "create.inz.shapemapplot" "create" "doTryCatch" "tryCatchOne" "tryCatchList" "tryCatch" "FUN" "lapply" "FUN" "lapply" "iNZightPlot" "eval" "eval" "withVisible" "source" 
"save" "<Anonymous>" "[.data.frame" "[" "create.inz.shapemapplot" "create" "doTryCatch" "tryCatchOne" "tryCatchList" "tryCatch" "FUN" "lapply" "FUN" "lapply" "iNZightPlot" "eval" "eval" "withVisible" "source" 
"close.connection" "close" "save" "<Anonymous>" "[.data.frame" "[" "create.inz.shapemapplot" "create" "doTryCatch" "tryCatchOne" "tryCatchList" "tryCatch" "FUN" "lapply" "FUN" "lapply" "iNZightPlot" "eval" "eval" "withVisible" "source" 
"close.connection" "close" "save" "<Anonymous>" "[.data.frame" "[" "create.inz.shapemapplot" "create" "doTryCatch" "tryCatchOne" "tryCatchList" "tryCatch" "FUN" "lapply" "FUN" "lapply" "iNZightPlot" "eval" "eval" "withVisible" "source" 
"close.connection" "close" "save" "<Anonymous>" "[.data.frame" "[" "create.inz.shapemapplot" "create" "doTryCatch" "tryCatchOne" "tryCatchList" "tryCatch" "FUN" "lapply" "FUN" "lapply" "iNZightPlot" "eval" "eval" "withVisible" "source" 
"anyDuplicated.default" "anyDuplicated" "[.data.frame" "[" "create.inz.shapemapplot" "create" "doTryCatch" "tryCatchOne" "tryCatchList" "tryCatch" "FUN" "lapply" "FUN" "lapply" "iNZightPlot" "eval" "eval" "withVisible" "source" 
"make.unique" "rbind" "rbind" "create.inz.shapemapplot" "create" "doTryCatch" "tryCatchOne" "tryCatchList" "tryCatch" "FUN" "lapply" "FUN" "lapply" "iNZightPlot" "eval" "eval" "withVisible" "source" 
"make.unique" "rbind" "rbind" "create.inz.shapemapplot" "create" "doTryCatch" "tryCatchOne" "tryCatchList" "tryCatch" "FUN" "lapply" "FUN" "lapply" "iNZightPlot" "eval" "eval" "withVisible" "source" 
"make.unique" "rbind" "rbind" "create.inz.shapemapplot" "create" "doTryCatch" "tryCatchOne" "tryCatchList" "tryCatch" "FUN" "lapply" "FUN" "lapply" "iNZightPlot" "eval" "eval" "withVisible" "source" 
"as.character" "make.unique" "rbind" "rbind" "create.inz.shapemapplot" "create" "doTryCatch" "tryCatchOne" "tryCatchList" "tryCatch" "FUN" "lapply" "FUN" "lapply" "iNZightPlot" "eval" "eval" "withVisible" "source" 
"[.data.frame" "[" "create.inz.shapemapplot" "create" "doTryCatch" "tryCatchOne" "tryCatchList" "tryCatch" "FUN" "lapply" "FUN" "lapply" "iNZightPlot" "eval" "eval" "withVisible" "source" 
"as.character" "make.unique" "rbind" "rbind" "create.inz.shapemapplot" "create" "doTryCatch" "tryCatchOne" "tryCatchList" "tryCatch" "FUN" "lapply" "FUN" "lapply" "iNZightPlot" "eval" "eval" "withVisible" "source" 
"hsv" "heat.colors" "col.fun" "create.inz.shapemapplot" "create" "doTryCatch" "tryCatchOne" "tryCatchList" "tryCatch" "FUN" "lapply" "FUN" "lapply" "iNZightPlot" "eval" "eval" "withVisible" "source" 
"make.unique" "rbind" "rbind" "create.inz.shapemapplot" "create" "doTryCatch" "tryCatchOne" "tryCatchList" "tryCatch" "FUN" "lapply" "FUN" "lapply" "iNZightPlot" "eval" "eval" "withVisible" "source" 
"hsv" "heat.colors" "col.fun" "create.inz.shapemapplot" "create" "doTryCatch" "tryCatchOne" "tryCatchList" "tryCatch" "FUN" "lapply" "FUN" "lapply" "iNZightPlot" "eval" "eval" "withVisible" "source" 
"make.unique" "rbind" "rbind" "create.inz.shapemapplot" "create" "doTryCatch" "tryCatchOne" "tryCatchList" "tryCatch" "FUN" "lapply" "FUN" "lapply" "iNZightPlot" "eval" "eval" "withVisible" "source" 
"[.data.frame" "[" "create.inz.shapemapplot" "create" "doTryCatch" "tryCatchOne" "tryCatchList" "tryCatch" "FUN" "lapply" "FUN" "lapply" "iNZightPlot" "eval" "eval" "withVisible" "source" 
"make.unique" "rbind" "rbind" "create.inz.shapemapplot" "create" "doTryCatch" "tryCatchOne" "tryCatchList" "tryCatch" "FUN" "lapply" "FUN" "lapply" "iNZightPlot" "eval" "eval" "withVisible" "source" 
"match" "%in%" ".deparseOpts" "deparse" "eval" "match.arg" "table" "create.inz.shapemapplot" "create" "doTryCatch" "tryCatchOne" "tryCatchList" "tryCatch" "FUN" "lapply" "FUN" "lapply" "iNZightPlot" "eval" "eval" "withVisible" "source" 
"match" "%in%" ".deparseOpts" "deparse" "eval" "match.arg" "table" "create.inz.shapemapplot" "create" "doTryCatch" "tryCatchOne" "tryCatchList" "tryCatch" "FUN" "lapply" "FUN" "lapply" "iNZightPlot" "eval" "eval" "withVisible" "source" 
"match" "%in%" ".deparseOpts" "deparse" "eval" "match.arg" "table" "create.inz.shapemapplot" "create" "doTryCatch" "tryCatchOne" "tryCatchList" "tryCatch" "FUN" "lapply" "FUN" "lapply" "iNZightPlot" "eval" "eval" "withVisible" "source" 
"as.character" "make.unique" "rbind" "rbind" "create.inz.shapemapplot" "create" "doTryCatch" "tryCatchOne" "tryCatchList" "tryCatch" "FUN" "lapply" "FUN" "lapply" "iNZightPlot" "eval" "eval" "withVisible" "source" 
"as.character" "make.unique" "rbind" "rbind" "create.inz.shapemapplot" "create" "doTryCatch" "tryCatchOne" "tryCatchList" "tryCatch" "FUN" "lapply" "FUN" "lapply" "iNZightPlot" "eval" "eval" "withVisible" "source" 
"as.character" "factor" "table" "rownames" "create.inz.shapemapplot" "create" "doTryCatch" "tryCatchOne" "tryCatchList" "tryCatch" "FUN" "lapply" "FUN" "lapply" "iNZightPlot" "eval" "eval" "withVisible" "source" 
"hsv" "rainbow" "heat.colors" "col.fun" "create.inz.shapemapplot" "create" "doTryCatch" "tryCatchOne" "tryCatchList" "tryCatch" "FUN" "lapply" "FUN" "lapply" "iNZightPlot" "eval" "eval" "withVisible" "source" 
"make.unique" "rbind" "rbind" "create.inz.shapemapplot" "create" "doTryCatch" "tryCatchOne" "tryCatchList" "tryCatch" "FUN" "lapply" "FUN" "lapply" "iNZightPlot" "eval" "eval" "withVisible" "source" 
"as.character" "factor" "table" "rownames" "create.inz.shapemapplot" "create" "doTryCatch" "tryCatchOne" "tryCatchList" "tryCatch" "FUN" "lapply" "FUN" "lapply" "iNZightPlot" "eval" "eval" "withVisible" "source" 
"hsv" "rainbow" "heat.colors" "col.fun" "create.inz.shapemapplot" "create" "doTryCatch" "tryCatchOne" "tryCatchList" "tryCatch" "FUN" "lapply" "FUN" "lapply" "iNZightPlot" "eval" "eval" "withVisible" "source" 
"create.inz.shapemapplot" "create" "doTryCatch" "tryCatchOne" "tryCatchList" "tryCatch" "FUN" "lapply" "FUN" "lapply" "iNZightPlot" "eval" "eval" "withVisible" "source" 
"grid.Call.graphics" "drawDetails.polygon" "drawDetails" "drawGrob" "recordGraphics" "grid.draw.grob" "grid.draw" "grid.polygon" "plot.inzshapemap" "plot" "standardGeneric" "plot" "iNZightPlot" "eval" "eval" "withVisible" "source" 
"grid.Call.graphics" "drawDetails.polygon" "drawDetails" "drawGrob" "recordGraphics" "grid.draw.grob" "grid.draw" "grid.polygon" "plot.inzshapemap" "plot" "standardGeneric" "plot" "iNZightPlot" "eval" "eval" "withVisible" "source" 
"grid.Call.graphics" "drawDetails.polygon" "drawDetails" "drawGrob" "recordGraphics" "grid.draw.grob" "grid.draw" "grid.polygon" "plot.inzshapemap" "plot" "standardGeneric" "plot" "iNZightPlot" "eval" "eval" "withVisible" "source" 
"grid.Call.graphics" "drawDetails.polygon" "drawDetails" "drawGrob" "recordGraphics" "grid.draw.grob" "grid.draw" "grid.polygon" "plot.inzshapemap" "plot" "standardGeneric" "plot" "iNZightPlot" "eval" "eval" "withVisible" "source" 
"grid.Call.graphics" "drawDetails.polygon" "drawDetails" "drawGrob" "recordGraphics" "grid.draw.grob" "grid.draw" "grid.polygon" "plot.inzshapemap" "plot" "standardGeneric" "plot" "iNZightPlot" "eval" "eval" "withVisible" "source" 
"valid.charjust" "valid.just" "validDetails.rect" "validDetails" "validGrob.grob" "validGrob" "grob" "rectGrob" "grid.rect" "plot.inzshapemap" "plot" "standardGeneric" "plot" "iNZightPlot" "eval" "eval" "withVisible" "source" 
"grid.Call.graphics" "drawDetails.polygon" "drawDetails" "drawGrob" "recordGraphics" "grid.draw.grob" "grid.draw" "grid.polygon" "plot.inzshapemap" "plot" "standardGeneric" "plot" "iNZightPlot" "eval" "eval" "withVisible" "source" 
"match" "%in%" "grobUnit" "valid.data" "valid.unit" "unit" "polygonGrob" "grid.polygon" "plot.inzshapemap" "plot" "standardGeneric" "plot" "iNZightPlot" "eval" "eval" "withVisible" "source" 
"grid.Call.graphics" "drawDetails.polygon" "drawDetails" "drawGrob" "recordGraphics" "grid.draw.grob" "grid.draw" "grid.polygon" "plot.inzshapemap" "plot" "standardGeneric" "plot" "iNZightPlot" "eval" "eval" "withVisible" "source" 
"grid.Call.graphics" "drawDetails.polygon" "drawDetails" "drawGrob" "recordGraphics" "grid.draw.grob" "grid.draw" "grid.polygon" "plot.inzshapemap" "plot" "standardGeneric" "plot" "iNZightPlot" "eval" "eval" "withVisible" "source" 
"match" "%in%" "grobUnit" "valid.data" "valid.unit" "unit" "polygonGrob" "grid.polygon" "plot.inzshapemap" "plot" "standardGeneric" "plot" "iNZightPlot" "eval" "eval" "withVisible" "source" 
"grid.Call.graphics" "drawDetails.polygon" "drawDetails" "drawGrob" "recordGraphics" "grid.draw.grob" "grid.draw" "grid.polygon" "plot.inzshapemap" "plot" "standardGeneric" "plot" "iNZightPlot" "eval" "eval" "withVisible" "source" 
"grid.Call.graphics" "drawDetails.polygon" "drawDetails" "drawGrob" "recordGraphics" "grid.draw.grob" "grid.draw" "grid.polygon" "plot.inzshapemap" "plot" "standardGeneric" "plot" "iNZightPlot" "eval" "eval" "withVisible" "source" 
"lapply" "sapply" "valid.data" "valid.unit" "unit" "polygonGrob" "grid.polygon" "plot.inzshapemap" "plot" "standardGeneric" "plot" "iNZightPlot" "eval" "eval" "withVisible" "source" 
"grid.Call.graphics" "drawDetails.polygon" "drawDetails" "drawGrob" "recordGraphics" "grid.draw.grob" "grid.draw" "grid.polygon" "plot.inzshapemap" "plot" "standardGeneric" "plot" "iNZightPlot" "eval" "eval" "withVisible" "source" 
"grid.Call.graphics" "drawDetails.polygon" "drawDetails" "drawGrob" "recordGraphics" "grid.draw.grob" "grid.draw" "grid.polygon" "plot.inzshapemap" "plot" "standardGeneric" "plot" "iNZightPlot" "eval" "eval" "withVisible" "source" 
"grid.Call.graphics" "drawDetails.polygon" "drawDetails" "drawGrob" "recordGraphics" "grid.draw.grob" "grid.draw" "grid.polygon" "plot.inzshapemap" "plot" "standardGeneric" "plot" "iNZightPlot" "eval" "eval" "withVisible" "source" 
"grid.Call.graphics" "drawDetails.polygon" "drawDetails" "drawGrob" "recordGraphics" "grid.draw.grob" "grid.draw" "grid.polygon" "plot.inzshapemap" "plot" "standardGeneric" "plot" "iNZightPlot" "eval" "eval" "withVisible" "source" 
"grid.Call.graphics" "drawDetails.polygon" "drawDetails" "drawGrob" "recordGraphics" "grid.draw.grob" "grid.draw" "grid.polygon" "plot.inzshapemap" "plot" "standardGeneric" "plot" "iNZightPlot" "eval" "eval" "withVisible" "source" 
"grid.Call.graphics" "drawDetails.polygon" "drawDetails" "drawGrob" "recordGraphics" "grid.draw.grob" "grid.draw" "grid.polygon" "plot.inzshapemap" "plot" "standardGeneric" "plot" "iNZightPlot" "eval" "eval" "withVisible" "source" 
"grid.Call.graphics" "drawDetails.polygon" "drawDetails" "drawGrob" "recordGraphics" "grid.draw.grob" "grid.draw" "grid.polygon" "plot.inzshapemap" "plot" "standardGeneric" "plot" "iNZightPlot" "eval" "eval" "withVisible" "source" 
"grid.Call.graphics" "drawDetails.polygon" "drawDetails" "drawGrob" "recordGraphics" "grid.draw.grob" "grid.draw" "grid.polygon" "plot.inzshapemap" "plot" "standardGeneric" "plot" "iNZightPlot" "eval" "eval" "withVisible" "source" 
"$" "set.gpar" "pushvpgp" "preDraw.grob" "preDraw" "drawGrob" "recordGraphics" "grid.draw.grob" "grid.draw" "iNZightPlot" "eval" "eval" "withVisible" "source" 
"grid.Call.graphics" "drawDetails.polygon" "drawDetails" "drawGrob" "recordGraphics" "grid.draw.grob" "grid.draw" "grid.polygon" "plot.inzshapemap" "plot" "standardGeneric" "plot" "iNZightPlot" "eval" "eval" "withVisible" "source" 
"grid.Call.graphics" "drawDetails.polygon" "drawDetails" "drawGrob" "recordGraphics" "grid.draw.grob" "grid.draw" "grid.polygon" "plot.inzshapemap" "plot" "standardGeneric" "plot" "iNZightPlot" "eval" "eval" "withVisible" "source" 
