sample.interval=20000
"t" ".mixedorder" ".mixedsort" ".asSpatialPolygonsShapes" ".Map2PolyDF" "readShapePoly" "shade.map" 
".shp2srsI" ".asSpatialPolygonsShapes" ".Map2PolyDF" "readShapePoly" "shade.map" 
"Polygons" ".asSpatialPolygonsShapes" ".Map2PolyDF" "readShapePoly" "shade.map" 
".Call" "Polygon" ".shp2srsI" ".asSpatialPolygonsShapes" ".Map2PolyDF" "readShapePoly" "shade.map" 
".shp2srsI" ".asSpatialPolygonsShapes" ".Map2PolyDF" "readShapePoly" "shade.map" 
".shp2srsI" ".asSpatialPolygonsShapes" ".Map2PolyDF" "readShapePoly" "shade.map" 
"stopifnot" "Polygon" ".shp2srsI" ".asSpatialPolygonsShapes" ".Map2PolyDF" "readShapePoly" "shade.map" 
".shp2srsI" ".asSpatialPolygonsShapes" ".Map2PolyDF" "readShapePoly" "shade.map" 
"coordinates" "standardGeneric" "coordinates" "Polygon" ".shp2srsI" ".asSpatialPolygonsShapes" ".Map2PolyDF" "readShapePoly" "shade.map" 
"sys.function" "match.call" "stopifnot" "SpatialPolygons" "as.SpatialPolygons.PolygonsList" ".asSpatialPolygonsShapes" ".Map2PolyDF" "readShapePoly" "shade.map" 
".Call" "SpatialPolygons" "as.SpatialPolygons.PolygonsList" ".asSpatialPolygonsShapes" ".Map2PolyDF" "readShapePoly" "shade.map" 
"shape.extract" "shade.map" 
"shape.extract" "shade.map" 
"shape.extract" "shade.map" 
"rownames<-" "shape.extract" "shade.map" 
"rownames<-" "shape.extract" "shade.map" 
"rownames<-" "shape.extract" "shade.map" 
"rownames<-" "shape.extract" "shade.map" 
"rownames<-" "shape.extract" "shade.map" 
